Juicing Pickle...
Closing lid...
Enjoy the snack!
Juicing Pickle...
Closing lid...
Enjoy the snack!
[<classes.container instance at 0x74dbcd28>, <classes.container instance at 0x74dbce18>, <classes.container instance at 0x74dc4620>, <classes.container instance at 0x7333caa8>, <classes.container instance at 0x7333cb20>, <classes.container instance at 0x7333cb98>, <classes.container instance at 0x7333cc10>, <classes.container instance at 0x74dc4120>, <classes.container instance at 0x7333cc88>, <classes.container instance at 0x7333cd00>, <classes.container instance at 0x7333cd78>, <classes.container instance at 0x7333cdf0>, <classes.container instance at 0x7333ce68>, <classes.container instance at 0x74dc42d8>]
Sage1 : (P)Crumble
Blue Oyster Weed : Resin
Sage1 : Crumble
Blue Oyster Weed : Resin
Sage1 : finished
Sage1 : finished
Sage1 : RSO
Distillate1 : Distillate
Tangerine : finished
Distillate1 : finished
Buut : finished
Buut : (P)RSO
Tangerine : finished
Tangerine : Distillate
Juicing Pickle...
Closing lid...
Enjoy the snack!
